2022-10-03 14:53:53,738 ERROR [restartedMain] o.s.b.d.LoggingFailureAnalysisReporter [LoggingFailureAnalysisReporter.java : 40] 

***************************
APPLICATION FAILED TO START
***************************

Description:

Web server failed to start. Port 8080 was already in use.

Action:

Identify and stop the process that's listening on port 8080 or configure this application to listen on another port.

2022-10-03 14:55:17,890 ERROR [http-nio-127.0.0.1-8080-exec-8] o.a.c.c.C.[.[.[.[dispatcherServlet] [DirectJDKLog.java : 175] Servlet.service() for servlet [dispatcherServlet] in context with path [] threw exception [Request processing failed; nested exception is java.lang.NullPointerException] with root cause
java.lang.NullPointerException: null
	at com.mall.wx.controller.LitemallGoodsController.detail(LitemallGoodsController.java:108)
	at sun.reflect.NativeMethodAccessorImpl.invoke0(Native Method)
	at sun.reflect.NativeMethodAccessorImpl.invoke(NativeMethodAccessorImpl.java:62)
	at sun.reflect.DelegatingMethodAccessorImpl.invoke(DelegatingMethodAccessorImpl.java:43)
	at java.lang.reflect.Method.invoke(Method.java:498)
	at org.springframework.web.method.support.InvocableHandlerMethod.doInvoke(InvocableHandlerMethod.java:205)
	at org.springframework.web.method.support.InvocableHandlerMethod.invokeForRequest(InvocableHandlerMethod.java:150)
	at org.springframework.web.servlet.mvc.method.annotation.ServletInvocableHandlerMethod.invokeAndHandle(ServletInvocableHandlerMethod.java:117)
	at org.springframework.web.servlet.mvc.method.annotation.RequestMappingHandlerAdapter.invokeHandlerMethod(RequestMappingHandlerAdapter.java:895)
	at org.springframework.web.servlet.mvc.method.annotation.RequestMappingHandlerAdapter.handleInternal(RequestMappingHandlerAdapter.java:808)
	at org.springframework.web.servlet.mvc.method.AbstractHandlerMethodAdapter.handle(AbstractHandlerMethodAdapter.java:87)
	at org.springframework.web.servlet.DispatcherServlet.doDispatch(DispatcherServlet.java:1071)
	at org.springframework.web.servlet.DispatcherServlet.doService(DispatcherServlet.java:964)
	at org.springframework.web.servlet.FrameworkServlet.processRequest(FrameworkServlet.java:1006)
	at org.springframework.web.servlet.FrameworkServlet.doGet(FrameworkServlet.java:898)
	at javax.servlet.http.HttpServlet.service(HttpServlet.java:655)
	at org.springframework.web.servlet.FrameworkServlet.service(FrameworkServlet.java:883)
	at javax.servlet.http.HttpServlet.service(HttpServlet.java:764)
	at org.apache.catalina.core.ApplicationFilterChain.internalDoFilter(ApplicationFilterChain.java:227)
	at org.apache.catalina.core.ApplicationFilterChain.doFilter(ApplicationFilterChain.java:162)
	at org.apache.tomcat.websocket.server.WsFilter.doFilter(WsFilter.java:53)
	at org.apache.catalina.core.ApplicationFilterChain.internalDoFilter(ApplicationFilterChain.java:189)
	at org.apache.catalina.core.ApplicationFilterChain.doFilter(ApplicationFilterChain.java:162)
	at com.alibaba.druid.support.http.WebStatFilter.doFilter(WebStatFilter.java:124)
	at org.apache.catalina.core.ApplicationFilterChain.internalDoFilter(ApplicationFilterChain.java:189)
	at org.apache.catalina.core.ApplicationFilterChain.doFilter(ApplicationFilterChain.java:162)
	at org.springframework.web.filter.RequestContextFilter.doFilterInternal(RequestContextFilter.java:100)
	at org.springframework.web.filter.OncePerRequestFilter.doFilter(OncePerRequestFilter.java:117)
	at org.apache.catalina.core.ApplicationFilterChain.internalDoFilter(ApplicationFilterChain.java:189)
	at org.apache.catalina.core.ApplicationFilterChain.doFilter(ApplicationFilterChain.java:162)
	at org.springframework.web.filter.FormContentFilter.doFilterInternal(FormContentFilter.java:93)
	at org.springframework.web.filter.OncePerRequestFilter.doFilter(OncePerRequestFilter.java:117)
	at org.apache.catalina.core.ApplicationFilterChain.internalDoFilter(ApplicationFilterChain.java:189)
	at org.apache.catalina.core.ApplicationFilterChain.doFilter(ApplicationFilterChain.java:162)
	at org.springframework.web.filter.CharacterEncodingFilter.doFilterInternal(CharacterEncodingFilter.java:201)
	at org.springframework.web.filter.OncePerRequestFilter.doFilter(OncePerRequestFilter.java:117)
	at org.apache.catalina.core.ApplicationFilterChain.internalDoFilter(ApplicationFilterChain.java:189)
	at org.apache.catalina.core.ApplicationFilterChain.doFilter(ApplicationFilterChain.java:162)
	at org.apache.catalina.core.StandardWrapperValve.invoke(StandardWrapperValve.java:197)
	at org.apache.catalina.core.StandardContextValve.invoke(StandardContextValve.java:97)
	at org.apache.catalina.authenticator.AuthenticatorBase.invoke(AuthenticatorBase.java:541)
	at org.apache.catalina.core.StandardHostValve.invoke(StandardHostValve.java:135)
	at org.apache.catalina.valves.ErrorReportValve.invoke(ErrorReportValve.java:92)
	at org.apache.catalina.core.StandardEngineValve.invoke(StandardEngineValve.java:78)
	at org.apache.catalina.connector.CoyoteAdapter.service(CoyoteAdapter.java:360)
	at org.apache.coyote.http11.Http11Processor.service(Http11Processor.java:399)
	at org.apache.coyote.AbstractProcessorLight.process(AbstractProcessorLight.java:65)
	at org.apache.coyote.AbstractProtocol$ConnectionHandler.process(AbstractProtocol.java:890)
	at org.apache.tomcat.util.net.NioEndpoint$SocketProcessor.doRun(NioEndpoint.java:1789)
	at org.apache.tomcat.util.net.SocketProcessorBase.run(SocketProcessorBase.java:49)
	at org.apache.tomcat.util.threads.ThreadPoolExecutor.runWorker(ThreadPoolExecutor.java:1191)
	at org.apache.tomcat.util.threads.ThreadPoolExecutor$Worker.run(ThreadPoolExecutor.java:659)
	at org.apache.tomcat.util.threads.TaskThread$WrappingRunnable.run(TaskThread.java:61)
	at java.lang.Thread.run(Thread.java:748)
2022-10-03 14:58:01,249 ERROR [http-nio-127.0.0.1-8080-exec-2] c.a.d.pool.DruidAbstractDataSource [DruidAbstractDataSource.java : 1488] discard long time none received connection. , jdbcUrl : jdbc:mysql://localhost:3306/litemall?useUnicode=true&characterEncoding=UTF-8&serverTimezone=Asia/Shanghai&allowPublicKeyRetrieval=true&verifyServerCertificate=false&useSSL=false, jdbcUrl : jdbc:mysql://localhost:3306/litemall?useUnicode=true&characterEncoding=UTF-8&serverTimezone=Asia/Shanghai&allowPublicKeyRetrieval=true&verifyServerCertificate=false&useSSL=false, lastPacketReceivedIdleMillis : 152563
2022-10-03 14:58:01,250 ERROR [http-nio-127.0.0.1-8080-exec-2] c.a.d.pool.DruidAbstractDataSource [DruidAbstractDataSource.java : 1488] discard long time none received connection. , jdbcUrl : jdbc:mysql://localhost:3306/litemall?useUnicode=true&characterEncoding=UTF-8&serverTimezone=Asia/Shanghai&allowPublicKeyRetrieval=true&verifyServerCertificate=false&useSSL=false, jdbcUrl : jdbc:mysql://localhost:3306/litemall?useUnicode=true&characterEncoding=UTF-8&serverTimezone=Asia/Shanghai&allowPublicKeyRetrieval=true&verifyServerCertificate=false&useSSL=false, lastPacketReceivedIdleMillis : 152587
2022-10-03 14:58:01,251 ERROR [http-nio-127.0.0.1-8080-exec-2] c.a.d.pool.DruidAbstractDataSource [DruidAbstractDataSource.java : 1488] discard long time none received connection. , jdbcUrl : jdbc:mysql://localhost:3306/litemall?useUnicode=true&characterEncoding=UTF-8&serverTimezone=Asia/Shanghai&allowPublicKeyRetrieval=true&verifyServerCertificate=false&useSSL=false, jdbcUrl : jdbc:mysql://localhost:3306/litemall?useUnicode=true&characterEncoding=UTF-8&serverTimezone=Asia/Shanghai&allowPublicKeyRetrieval=true&verifyServerCertificate=false&useSSL=false, lastPacketReceivedIdleMillis : 152589
2022-10-03 14:58:01,252 ERROR [http-nio-127.0.0.1-8080-exec-2] c.a.d.pool.DruidAbstractDataSource [DruidAbstractDataSource.java : 1488] discard long time none received connection. , jdbcUrl : jdbc:mysql://localhost:3306/litemall?useUnicode=true&characterEncoding=UTF-8&serverTimezone=Asia/Shanghai&allowPublicKeyRetrieval=true&verifyServerCertificate=false&useSSL=false, jdbcUrl : jdbc:mysql://localhost:3306/litemall?useUnicode=true&characterEncoding=UTF-8&serverTimezone=Asia/Shanghai&allowPublicKeyRetrieval=true&verifyServerCertificate=false&useSSL=false, lastPacketReceivedIdleMillis : 152593
2022-10-03 14:58:01,252 ERROR [http-nio-127.0.0.1-8080-exec-2] c.a.d.pool.DruidAbstractDataSource [DruidAbstractDataSource.java : 1488] discard long time none received connection. , jdbcUrl : jdbc:mysql://localhost:3306/litemall?useUnicode=true&characterEncoding=UTF-8&serverTimezone=Asia/Shanghai&allowPublicKeyRetrieval=true&verifyServerCertificate=false&useSSL=false, jdbcUrl : jdbc:mysql://localhost:3306/litemall?useUnicode=true&characterEncoding=UTF-8&serverTimezone=Asia/Shanghai&allowPublicKeyRetrieval=true&verifyServerCertificate=false&useSSL=false, lastPacketReceivedIdleMillis : 202170
2022-10-03 14:58:01,253 ERROR [http-nio-127.0.0.1-8080-exec-2] c.a.d.pool.DruidAbstractDataSource [DruidAbstractDataSource.java : 1488] discard long time none received connection. , jdbcUrl : jdbc:mysql://localhost:3306/litemall?useUnicode=true&characterEncoding=UTF-8&serverTimezone=Asia/Shanghai&allowPublicKeyRetrieval=true&verifyServerCertificate=false&useSSL=false, jdbcUrl : jdbc:mysql://localhost:3306/litemall?useUnicode=true&characterEncoding=UTF-8&serverTimezone=Asia/Shanghai&allowPublicKeyRetrieval=true&verifyServerCertificate=false&useSSL=false, lastPacketReceivedIdleMillis : 202174
2022-10-03 14:58:01,254 ERROR [http-nio-127.0.0.1-8080-exec-2] c.a.d.pool.DruidAbstractDataSource [DruidAbstractDataSource.java : 1488] discard long time none received connection. , jdbcUrl : jdbc:mysql://localhost:3306/litemall?useUnicode=true&characterEncoding=UTF-8&serverTimezone=Asia/Shanghai&allowPublicKeyRetrieval=true&verifyServerCertificate=false&useSSL=false, jdbcUrl : jdbc:mysql://localhost:3306/litemall?useUnicode=true&characterEncoding=UTF-8&serverTimezone=Asia/Shanghai&allowPublicKeyRetrieval=true&verifyServerCertificate=false&useSSL=false, lastPacketReceivedIdleMillis : 202178
2022-10-03 14:58:01,263 ERROR [pool-1-thread-15] c.a.d.pool.DruidAbstractDataSource [DruidAbstractDataSource.java : 1488] discard long time none received connection. , jdbcUrl : jdbc:mysql://localhost:3306/litemall?useUnicode=true&characterEncoding=UTF-8&serverTimezone=Asia/Shanghai&allowPublicKeyRetrieval=true&verifyServerCertificate=false&useSSL=false, jdbcUrl : jdbc:mysql://localhost:3306/litemall?useUnicode=true&characterEncoding=UTF-8&serverTimezone=Asia/Shanghai&allowPublicKeyRetrieval=true&verifyServerCertificate=false&useSSL=false, lastPacketReceivedIdleMillis : 202189
2022-10-03 14:58:01,265 ERROR [pool-1-thread-16] c.a.d.pool.DruidAbstractDataSource [DruidAbstractDataSource.java : 1488] discard long time none received connection. , jdbcUrl : jdbc:mysql://localhost:3306/litemall?useUnicode=true&characterEncoding=UTF-8&serverTimezone=Asia/Shanghai&allowPublicKeyRetrieval=true&verifyServerCertificate=false&useSSL=false, jdbcUrl : jdbc:mysql://localhost:3306/litemall?useUnicode=true&characterEncoding=UTF-8&serverTimezone=Asia/Shanghai&allowPublicKeyRetrieval=true&verifyServerCertificate=false&useSSL=false, lastPacketReceivedIdleMillis : 202195
2022-10-10 09:34:49,390 ERROR [restartedMain] o.s.boot.SpringApplication [SpringApplication.java : 821] Application run failed
org.springframework.beans.factory.BeanCreationException: Error creating bean with name 'org.springframework.boot.autoconfigure.mail.MailSenderValidatorAutoConfiguration': Bean instantiation via constructor failed; nested exception is org.springframework.beans.BeanInstantiationException: Failed to instantiate [org.springframework.boot.autoconfigure.mail.MailSenderValidatorAutoConfiguration]: Constructor threw exception; nested exception is java.lang.IllegalStateException: Mail server is not available
	at org.springframework.beans.factory.support.ConstructorResolver.instantiate(ConstructorResolver.java:315)
	at org.springframework.beans.factory.support.ConstructorResolver.autowireConstructor(ConstructorResolver.java:296)
	at org.springframework.beans.factory.support.AbstractAutowireCapableBeanFactory.autowireConstructor(AbstractAutowireCapableBeanFactory.java:1372)
	at org.springframework.beans.factory.support.AbstractAutowireCapableBeanFactory.createBeanInstance(AbstractAutowireCapableBeanFactory.java:1222)
	at org.springframework.beans.factory.support.AbstractAutowireCapableBeanFactory.doCreateBean(AbstractAutowireCapableBeanFactory.java:582)
	at org.springframework.beans.factory.support.AbstractAutowireCapableBeanFactory.createBean(AbstractAutowireCapableBeanFactory.java:542)
	at org.springframework.beans.factory.support.AbstractBeanFactory.lambda$doGetBean$0(AbstractBeanFactory.java:335)
	at org.springframework.beans.factory.support.DefaultSingletonBeanRegistry.getSingleton(DefaultSingletonBeanRegistry.java:234)
	at org.springframework.beans.factory.support.AbstractBeanFactory.doGetBean(AbstractBeanFactory.java:333)
	at org.springframework.beans.factory.support.AbstractBeanFactory.getBean(AbstractBeanFactory.java:208)
	at org.springframework.beans.factory.support.DefaultListableBeanFactory.preInstantiateSingletons(DefaultListableBeanFactory.java:953)
	at org.springframework.context.support.AbstractApplicationContext.finishBeanFactoryInitialization(AbstractApplicationContext.java:918)
	at org.springframework.context.support.AbstractApplicationContext.refresh(AbstractApplicationContext.java:583)
	at org.springframework.boot.web.servlet.context.ServletWebServerApplicationContext.refresh(ServletWebServerApplicationContext.java:145)
	at org.springframework.boot.SpringApplication.refresh(SpringApplication.java:732)
	at org.springframework.boot.SpringApplication.refreshContext(SpringApplication.java:414)
	at org.springframework.boot.SpringApplication.run(SpringApplication.java:302)
	at org.springframework.boot.SpringApplication.run(SpringApplication.java:1303)
	at org.springframework.boot.SpringApplication.run(SpringApplication.java:1292)
	at com.mall.Application.main(Application.java:17)
	at sun.reflect.NativeMethodAccessorImpl.invoke0(Native Method)
	at sun.reflect.NativeMethodAccessorImpl.invoke(NativeMethodAccessorImpl.java:62)
	at sun.reflect.DelegatingMethodAccessorImpl.invoke(DelegatingMethodAccessorImpl.java:43)
	at java.lang.reflect.Method.invoke(Method.java:498)
	at org.springframework.boot.devtools.restart.RestartLauncher.run(RestartLauncher.java:49)
Caused by: org.springframework.beans.BeanInstantiationException: Failed to instantiate [org.springframework.boot.autoconfigure.mail.MailSenderValidatorAutoConfiguration]: Constructor threw exception; nested exception is java.lang.IllegalStateException: Mail server is not available
	at org.springframework.beans.BeanUtils.instantiateClass(BeanUtils.java:224)
	at org.springframework.beans.factory.support.SimpleInstantiationStrategy.instantiate(SimpleInstantiationStrategy.java:117)
	at org.springframework.beans.factory.support.ConstructorResolver.instantiate(ConstructorResolver.java:311)
	... 24 common frames omitted
Caused by: java.lang.IllegalStateException: Mail server is not available
	at org.springframework.boot.autoconfigure.mail.MailSenderValidatorAutoConfiguration.validateConnection(MailSenderValidatorAutoConfiguration.java:54)
	at org.springframework.boot.autoconfigure.mail.MailSenderValidatorAutoConfiguration.<init>(MailSenderValidatorAutoConfiguration.java:46)
	at sun.reflect.NativeConstructorAccessorImpl.newInstance0(Native Method)
	at sun.reflect.NativeConstructorAccessorImpl.newInstance(NativeConstructorAccessorImpl.java:62)
	at sun.reflect.DelegatingConstructorAccessorImpl.newInstance(DelegatingConstructorAccessorImpl.java:45)
	at java.lang.reflect.Constructor.newInstance(Constructor.java:423)
	at org.springframework.beans.BeanUtils.instantiateClass(BeanUtils.java:211)
	... 26 common frames omitted
Caused by: javax.mail.AuthenticationFailedException: 535 Login Fail. Please enter your authorization code to login. More information in http://service.mail.qq.com/cgi-bin/help?subtype=1&&id=28&&no=1001256

	at com.sun.mail.smtp.SMTPTransport$Authenticator.authenticate(SMTPTransport.java:947)
	at com.sun.mail.smtp.SMTPTransport.authenticate(SMTPTransport.java:858)
	at com.sun.mail.smtp.SMTPTransport.protocolConnect(SMTPTransport.java:762)
	at javax.mail.Service.connect(Service.java:342)
	at org.springframework.mail.javamail.JavaMailSenderImpl.connectTransport(JavaMailSenderImpl.java:518)
	at org.springframework.mail.javamail.JavaMailSenderImpl.testConnection(JavaMailSenderImpl.java:398)
	at org.springframework.boot.autoconfigure.mail.MailSenderValidatorAutoConfiguration.validateConnection(MailSenderValidatorAutoConfiguration.java:51)
	... 32 common frames omitted
